<?xml version="1.0" encoding="UTF-8"?>
<!-- Generated by org.testng.reporters.JUnitReportReporter -->
<testsuite hostname="DESKTOP-91P1GS3" name="Academy.HomepageTest" tests="1" failures="0" timestamp="28 Apr 2019 03:55:46 GMT" time="6.651" errors="0">
  <testcase name="BasePagenavigation" time="6.651" classname="Academy.HomepageTest"/>
</testsuite> <!-- Academy.HomepageTest -->
